<?xml version="1.0" encoding="UTF-8"?>
<!-- Generated by org.testng.reporters.JUnitReportReporter -->
<testsuite hostname="LAPTOP-PF3BCJ59" failures="0" tests="2" name="allure_reports.AllureReporting" time="0.104" errors="0" timestamp="2023-08-07T03:01:54 BDT" skipped="0">
  <testcase classname="allure_reports.AllureReporting" name="validateTitle" time="0.046"/>
  <testcase classname="allure_reports.AllureReporting" name="verifyLogo" time="0.058"/>
</testsuite> <!-- allure_reports.AllureReporting -->
